Arguments: 
  /usr/local/bin/node /usr/local/Cellar/yarn/1.5.1_1/libexec/bin/yarn.js start

PATH: 
  /usr/local/bin:/usr/bin:/bin:/usr/sbin:/sbin:/Users/kenshinman/Library/Android/sdk/platform-tools/:/Users/kenshinman/Library/Android/sdk/tools:/Users/kenshinman/Library/Android/sdk/platform-tools:/Users/kenshinman/Library/Android/sdk/platform-tools/:/Users/kenshinman/Library/Android/sdk/tools:/Users/kenshinman/Library/Android/sdk/platform-tools

Yarn version: 
  1.5.1

Node version: 
  8.11.1

Platform: 
  darwin x64

npm manifest: 
  {
    "name": "server",
    "version": "1.0.0",
    "description": "Server Side Rendering for React",
    "main": "index.js",
    "scripts": {
      "dev": "npm-run-all --parallel dev:*",
      "dev:server": "nodemon --watch build --exec \"node build/bundle.js\"",
      "dev:build-server": "webpack --config webpack.server.js --watch",
      "dev:build-client": "webpack --config webpack.client.js --watch"
    },
    "keywords": ["react", "ssr", "react ssr"],
    "author": "Kehinde Orilogbon <archkenny@yahoo.com>",
    "license": "ISC",
    "dependencies": {
      "axios": "0.16.2",
      "babel-cli": "6.26.0",
      "babel-core": "6.26.0",
      "babel-loader": "7.1.2",
      "babel-preset-env": "1.6.0",
      "babel-preset-es2015": "6.24.1",
      "babel-preset-es2017": "6.24.1",
      "babel-preset-react": "6.24.1",
      "babel-preset-stage-0": "6.24.1",
      "compression": "1.7.0",
      "concurrently": "3.5.0",
      "express": "4.15.4",
      "express-http-proxy": "1.0.6",
      "lodash": "4.17.4",
      "nodemon": "1.12.0",
      "npm-run-all": "4.1.1",
      "react": "16.0.0",
      "react-dom": "16.0.0",
      "react-helmet": "5.2.0",
      "react-redux": "5.0.6",
      "react-router-config": "1.0.0-beta.4",
      "react-router-dom": "4.2.2",
      "redux": "3.7.2",
      "redux-thunk": "2.2.0",
      "serialize-javascript": "1.4.0",
      "webpack": "3.5.6",
      "webpack-dev-server": "2.8.2",
      "webpack-merge": "4.1.0",
      "webpack-node-externals": "1.6.0"
    }
  }

yarn manifest: 
  No manifest

Lockfile: 
  No lockfile

Trace: 
  Error: Command "start" not found.
      at new MessageError (/usr/local/Cellar/yarn/1.5.1_1/libexec/lib/cli.js:186:110)
      at /usr/local/Cellar/yarn/1.5.1_1/libexec/lib/cli.js:87307:17
      at Generator.next (<anonymous>)
      at step (/usr/local/Cellar/yarn/1.5.1_1/libexec/lib/cli.js:98:30)
      at /usr/local/Cellar/yarn/1.5.1_1/libexec/lib/cli.js:116:14
      at new Promise (<anonymous>)
      at new F (/usr/local/Cellar/yarn/1.5.1_1/libexec/lib/cli.js:23451:28)
      at /usr/local/Cellar/yarn/1.5.1_1/libexec/lib/cli.js:95:12
      at runCommand (/usr/local/Cellar/yarn/1.5.1_1/libexec/lib/cli.js:87312:22)
      at Object.<anonymous> (/usr/local/Cellar/yarn/1.5.1_1/libexec/lib/cli.js:87412:14)
